<?xml version="1.0" encoding="UTF-8"?>
<!-- Generated by org.testng.reporters.JUnitXMLReporter -->
<testsuite ignored="0" hostname="DESKTOP-VJ4J3F1" failures="0" tests="4" name="Test" time="14.693" errors="0" timestamp="2024-07-31T14:58:47 IST">
  <testcase classname="coverFoxUsingTestNG.CoverFoxTC1" name="@BeforeClass preconditions" time="5.287">
    <failure type="org.openqa.selenium.InvalidElementStateException" message="invalid element state
  (Session info: chrome=127.0.6533.88)
Build info: version: &amp;apos;4.21.0&amp;apos;, revision: &amp;apos;79ed462ef4&amp;apos;
System info: os.name: &amp;apos;Windows 11&amp;apos;, os.arch: &amp;apos;amd64&amp;apos;, os.version: &amp;apos;10.0&amp;apos;, java.version: &amp;apos;22&amp;apos;
Driver info: org.openqa.selenium.chrome.ChromeDriver
Command: [44df04b3f8b432281ea9b2a31f8a7435, clearElement {id=f.60A1E8B3879F7E54257BCED439E72C62.d.68AE99D73543D2D9E12614FC38ECA4A2.e.100}]
Capabilities {acceptInsecureCerts: false, browserName: chrome, browserVersion: 127.0.6533.88, chrome: {chromedriverVersion: 127.0.6533.88 (a2d0cb026721..., userDataDir: C:\Users\Asus\AppData\Local...}, fedcm:accounts: true, goog:chromeOptions: {debuggerAddress: localhost:52858}, networkConnectionEnabled: false, pageLoadStrategy: normal, platformName: windows, proxy: Proxy(), se:cdp: ws://localhost:52858/devtoo..., se:cdpVersion: 127.0.6533.88, setWindowRect: true, strictFileInteractability: false, timeouts: {implicit: 0, pageLoad: 300000, script: 30000}, unhandledPromptBehavior: dismiss and notify, webauthn:extension:credBlob: true, webauthn:extension:largeBlob: true, webauthn:extension:minPinLength: true, webauthn:extension:prf: true, webauthn:virtualAuthenticators: true}
Element: [[ChromeDriver: chrome on windows (44df04b3f8b432281ea9b2a31f8a7435)] -&amp;gt; xpath: //div[text()=&amp;apos;Continue&amp;apos;]]
Session ID: 44df04b3f8b432281ea9b2a31f8a7435">
      <![CDATA[org.openqa.selenium.InvalidElementStateException: invalid element state
  (Session info: chrome=127.0.6533.88)
Build info: version: '4.21.0', revision: '79ed462ef4'
System info: os.name: 'Windows 11', os.arch: 'amd64', os.version: '10.0', java.version: '22'
Driver info: org.openqa.selenium.chrome.ChromeDriver
Command: [44df04b3f8b432281ea9b2a31f8a7435, clearElement {id=f.60A1E8B3879F7E54257BCED439E72C62.d.68AE99D73543D2D9E12614FC38ECA4A2.e.100}]
Capabilities {acceptInsecureCerts: false, browserName: chrome, browserVersion: 127.0.6533.88, chrome: {chromedriverVersion: 127.0.6533.88 (a2d0cb026721..., userDataDir: C:\Users\Asus\AppData\Local...}, fedcm:accounts: true, goog:chromeOptions: {debuggerAddress: localhost:52858}, networkConnectionEnabled: false, pageLoadStrategy: normal, platformName: windows, proxy: Proxy(), se:cdp: ws://localhost:52858/devtoo..., se:cdpVersion: 127.0.6533.88, setWindowRect: true, strictFileInteractability: false, timeouts: {implicit: 0, pageLoad: 300000, script: 30000}, unhandledPromptBehavior: dismiss and notify, webauthn:extension:credBlob: true, webauthn:extension:largeBlob: true, webauthn:extension:minPinLength: true, webauthn:extension:prf: true, webauthn:virtualAuthenticators: true}
Element: [[ChromeDriver: chrome on windows (44df04b3f8b432281ea9b2a31f8a7435)] -> xpath: //div[text()='Continue']]
Session ID: 44df04b3f8b432281ea9b2a31f8a7435
at org.openqa.selenium.remote.ErrorCodec.decode(ErrorCodec.java:167)
at org.openqa.selenium.remote.codec.w3c.W3CHttpResponseCodec.decode(W3CHttpResponseCodec.java:138)
at org.openqa.selenium.remote.codec.w3c.W3CHttpResponseCodec.decode(W3CHttpResponseCodec.java:50)
at org.openqa.selenium.remote.HttpCommandExecutor.execute(HttpCommandExecutor.java:190)
at org.openqa.selenium.remote.service.DriverCommandExecutor.invokeExecute(DriverCommandExecutor.java:216)
at org.openqa.selenium.remote.service.DriverCommandExecutor.execute(DriverCommandExecutor.java:174)
at org.openqa.selenium.remote.RemoteWebDriver.execute(RemoteWebDriver.java:518)
at org.openqa.selenium.remote.RemoteWebElement.execute(RemoteWebElement.java:223)
at org.openqa.selenium.remote.RemoteWebElement.clear(RemoteWebElement.java:129)
at org.openqa.selenium.support.pagefactory.internal.LocatingElementHandler.invoke(LocatingElementHandler.java:51)
at jdk.proxy2/jdk.proxy2.$Proxy13.clear(Unknown Source)
at CoverFoxUsingPOM1.copy.CoverFoxResultPage1.clickOnContinueButton(CoverFoxResultPage1.java:80)
at coverFoxUsingTestNG.CoverFoxTC1.preconditions(CoverFoxTC1.java:64)
at java.base/java.util.ArrayList.forEach(ArrayList.java:1597)
... Removed 28 stack frames]]>
    </failure>
  </testcase> <!-- @BeforeClass preconditions -->
  <testcase classname="coverFoxUsingTestNG.CoverFoxTC1" name="@AfterClass CloseBrowser" time="0.0">
    <skipped/>
  </testcase> <!-- @AfterClass CloseBrowser -->
  <testcase classname="coverFoxUsingTestNG.CoverFoxTC1" name="CheckingMobileNumberErrorMsg" time="0.0">
    <skipped/>
  </testcase> <!-- CheckingMobileNumberErrorMsg -->
  <testcase classname="coverFoxUsingTestNG.CoverFoxTC1" name="CheckingPinCodeErrorMsg" time="0.0">
    <skipped/>
  </testcase> <!-- CheckingPinCodeErrorMsg -->
  <testcase classname="coverFoxUsingTestNG.CoverFoxTC1" name="ChecksortPlan" time="0.0">
    <skipped/>
  </testcase> <!-- ChecksortPlan -->
  <testcase classname="coverFoxUsingTestNG.CoverFoxTC1" name="validateBanners" time="0.0">
    <skipped/>
  </testcase> <!-- validateBanners -->
</testsuite> <!-- Test -->
